<?xml version="1.0" encoding="UTF-8"?>
<!-- Generated by org.testng.reporters.JUnitReportReporter -->
<testsuite hostname="MFHO-100003228" failures="0" tests="7" name="com.mahindra.pennantSC.AddNewScheme" time="169.709" errors="0" timestamp="2022-04-05T11:00:29 IST" skipped="0">
  <testcase classname="com.mahindra.pennantSC.AddNewScheme" name="GetTitleTest" time="0.118"/>
  <system-out/>
  <testcase classname="com.mahindra.pennantSC.AddNewScheme" name="VerifyloginTest" time="4.629"/>
  <system-out/>
  <testcase classname="com.mahindra.pennantSC.AddNewScheme" name="VerifySolutionFactory" time="8.293"/>
  <system-out/>
  <testcase classname="com.mahindra.pennantSC.AddNewScheme" name="readExcel" time="46.412"/>
  <system-out/>
  <testcase classname="com.mahindra.pennantSC.AddNewScheme" name="addnewscheme" time="24.458"/>
  <system-out/>
  <testcase classname="com.mahindra.pennantSC.AddNewScheme" name="addScheme" time="26.171"/>
  <system-out/>
  <testcase classname="com.mahindra.pennantSC.AddNewScheme" name="schemedatatwo" time="59.628"/>
  <system-out/>
</testsuite> <!-- com.mahindra.pennantSC.AddNewScheme -->
