<?xml version="1.0" encoding="UTF-8"?>
<!-- Generated by org.testng.reporters.JUnitReportReporter -->
<testsuite hostname="MFHO-100003228" failures="0" tests="5" name="com.mahindra.pennantSC.CreateNewscheme" time="82.039" errors="0" timestamp="2022-04-01T14:36:14 IST" skipped="0">
  <testcase classname="com.mahindra.pennantSC.CreateNewscheme" name="GetTitleTest" time="0.022"/>
  <system-out/>
  <testcase classname="com.mahindra.pennantSC.CreateNewscheme" name="VerifyloginTest" time="5.088"/>
  <system-out/>
  <testcase classname="com.mahindra.pennantSC.CreateNewscheme" name="VerifySolutionFactory" time="6.262"/>
  <system-out/>
  <testcase classname="com.mahindra.pennantSC.CreateNewscheme" name="readExcel" time="46.202"/>
  <system-out/>
  <testcase classname="com.mahindra.pennantSC.CreateNewscheme" name="addnewscheme" time="24.465"/>
  <system-out/>
</testsuite> <!-- com.mahindra.pennantSC.CreateNewscheme -->
