<?xml version="1.0" encoding="UTF-8"?>
<!-- Generated by org.testng.reporters.JUnitReportReporter -->
<testsuite hostname="MFHO-100003228" failures="0" tests="3" name="com.mahindra.pennantSC.Login" time="10.817" errors="0" timestamp="2022-04-04T17:33:18 IST" skipped="0">
  <testcase classname="com.mahindra.pennantSC.Login" name="GetTitleTest" time="0.020"/>
  <system-out/>
  <testcase classname="com.mahindra.pennantSC.Login" name="VerifyloginTest" time="2.554"/>
  <system-out/>
  <testcase classname="com.mahindra.pennantSC.Login" name="VerifySolutionFactory" time="8.243"/>
  <system-out/>
</testsuite> <!-- com.mahindra.pennantSC.Login -->
