<?xml version="1.0" encoding="UTF-8"?>
<!-- Generated by org.testng.reporters.JUnitReportReporter -->
<testsuite hostname="MFHO-100003228" failures="0" tests="4" name="com.mahindra.pennantSC.ReadSchemFromExcel1" time="55.697" errors="0" timestamp="2022-04-01T22:01:14 IST" skipped="0">
  <testcase classname="com.mahindra.pennantSC.ReadSchemFromExcel1" name="GetTitleTest" time="0.039"/>
  <system-out/>
  <testcase classname="com.mahindra.pennantSC.ReadSchemFromExcel1" name="VerifyloginTest" time="4.275"/>
  <system-out/>
  <testcase classname="com.mahindra.pennantSC.ReadSchemFromExcel1" name="VerifySolutionFactory" time="6.283"/>
  <system-out/>
  <testcase classname="com.mahindra.pennantSC.ReadSchemFromExcel1" name="readExcel" time="45.100"/>
  <system-out/>
</testsuite> <!-- com.mahindra.pennantSC.ReadSchemFromExcel1 -->
